{"/home/linda/dbwebb-kurser/jsramverk/jsramverk-tfgsb/backend/db/database.js": {"path":"/home/linda/dbwebb-kurser/jsramverk/jsramverk-tfgsb/backend/db/database.js","statementMap":{"0":{"start":{"line":1,"column":16},"end":{"line":1,"column":44}},"1":{"start":{"line":2,"column":17},"end":{"line":2,"column":34}},"2":{"start":{"line":4,"column":17},"end":{"line":17,"column":1}},"3":{"start":{"line":6,"column":25},"end":{"line":6,"column":45}},"4":{"start":{"line":8,"column":8},"end":{"line":10,"column":9}},"5":{"start":{"line":9,"column":12},"end":{"line":9,"column":44}},"6":{"start":{"line":12,"column":8},"end":{"line":15,"column":11}},"7":{"start":{"line":19,"column":0},"end":{"line":19,"column":26}}},"fnMap":{"0":{"name":"openDb","decl":{"start":{"line":5,"column":27},"end":{"line":5,"column":33}},"loc":{"start":{"line":5,"column":36},"end":{"line":16,"column":5}},"line":5}},"branchMap":{"0":{"loc":{"start":{"line":8,"column":8},"end":{"line":10,"column":9}},"type":"if","locations":[{"start":{"line":8,"column":8},"end":{"line":10,"column":9}},{"start":{},"end":{}}],"line":8}},"s":{"0":2,"1":2,"2":2,"3":0,"4":0,"5":0,"6":0,"7":2},"f":{"0":0},"b":{"0":[0,0]},"_coverageSchema":"1a1c01bbd47fc00a2c39e90264f33305004495a9","hash":"1b257972f204605d7ada13d126962e625d3e60c6"}
,"/home/linda/dbwebb-kurser/jsramverk/jsramverk-tfgsb/backend/models/codes.js": {"path":"/home/linda/dbwebb-kurser/jsramverk/jsramverk-tfgsb/backend/models/codes.js","statementMap":{"0":{"start":{"line":1,"column":14},"end":{"line":1,"column":35}},"1":{"start":{"line":2,"column":17},"end":{"line":2,"column":45}},"2":{"start":{"line":4,"column":14},"end":{"line":31,"column":1}},"3":{"start":{"line":6,"column":22},"end":{"line":14,"column":23}},"4":{"start":{"line":17,"column":12},"end":{"line":29,"column":14}},"5":{"start":{"line":24,"column":16},"end":{"line":24,"column":38}},"6":{"start":{"line":26,"column":16},"end":{"line":28,"column":19}},"7":{"start":{"line":33,"column":0},"end":{"line":33,"column":23}}},"fnMap":{"0":{"name":"getCodes","decl":{"start":{"line":5,"column":29},"end":{"line":5,"column":37}},"loc":{"start":{"line":5,"column":47},"end":{"line":30,"column":5}},"line":5},"1":{"name":"(anonymous_1)","decl":{"start":{"line":23,"column":19},"end":{"line":23,"column":20}},"loc":{"start":{"line":23,"column":38},"end":{"line":25,"column":13}},"line":23},"2":{"name":"(anonymous_2)","decl":{"start":{"line":25,"column":20},"end":{"line":25,"column":21}},"loc":{"start":{"line":25,"column":37},"end":{"line":29,"column":13}},"line":25}},"branchMap":{},"s":{"0":1,"1":1,"2":1,"3":1,"4":1,"5":1,"6":1,"7":1},"f":{"0":1,"1":1,"2":1},"b":{},"_coverageSchema":"1a1c01bbd47fc00a2c39e90264f33305004495a9","hash":"291f53de1dba67c5bd139aaf7540f3c3057c2a70"}
,"/home/linda/dbwebb-kurser/jsramverk/jsramverk-tfgsb/backend/models/delayed.js": {"path":"/home/linda/dbwebb-kurser/jsramverk/jsramverk-tfgsb/backend/models/delayed.js","statementMap":{"0":{"start":{"line":1,"column":14},"end":{"line":1,"column":35}},"1":{"start":{"line":3,"column":16},"end":{"line":48,"column":1}},"2":{"start":{"line":5,"column":22},"end":{"line":31,"column":23}},"3":{"start":{"line":34,"column":12},"end":{"line":46,"column":14}},"4":{"start":{"line":41,"column":16},"end":{"line":41,"column":38}},"5":{"start":{"line":43,"column":16},"end":{"line":45,"column":19}},"6":{"start":{"line":50,"column":0},"end":{"line":50,"column":25}}},"fnMap":{"0":{"name":"getDelayedTrains","decl":{"start":{"line":4,"column":37},"end":{"line":4,"column":53}},"loc":{"start":{"line":4,"column":64},"end":{"line":47,"column":5}},"line":4},"1":{"name":"(anonymous_1)","decl":{"start":{"line":40,"column":19},"end":{"line":40,"column":20}},"loc":{"start":{"line":40,"column":38},"end":{"line":42,"column":13}},"line":40},"2":{"name":"(anonymous_2)","decl":{"start":{"line":42,"column":20},"end":{"line":42,"column":21}},"loc":{"start":{"line":42,"column":37},"end":{"line":46,"column":13}},"line":42}},"branchMap":{},"s":{"0":1,"1":1,"2":1,"3":1,"4":1,"5":1,"6":1},"f":{"0":1,"1":1,"2":1},"b":{},"_coverageSchema":"1a1c01bbd47fc00a2c39e90264f33305004495a9","hash":"1cc1d08ba13c1eb942a26bfa2b740a916a22fa3d"}
,"/home/linda/dbwebb-kurser/jsramverk/jsramverk-tfgsb/backend/models/tickets.js": {"path":"/home/linda/dbwebb-kurser/jsramverk/jsramverk-tfgsb/backend/models/tickets.js","statementMap":{"0":{"start":{"line":1,"column":17},"end":{"line":1,"column":45}},"1":{"start":{"line":3,"column":16},"end":{"line":37,"column":1}},"2":{"start":{"line":5,"column":17},"end":{"line":5,"column":40}},"3":{"start":{"line":7,"column":25},"end":{"line":7,"column":95}},"4":{"start":{"line":9,"column":8},"end":{"line":9,"column":25}},"5":{"start":{"line":11,"column":8},"end":{"line":13,"column":11}},"6":{"start":{"line":17,"column":17},"end":{"line":17,"column":40}},"7":{"start":{"line":19,"column":23},"end":{"line":24,"column":9}},"8":{"start":{"line":26,"column":8},"end":{"line":26,"column":25}},"9":{"start":{"line":28,"column":8},"end":{"line":35,"column":11}},"10":{"start":{"line":39,"column":0},"end":{"line":39,"column":25}}},"fnMap":{"0":{"name":"getTickets","decl":{"start":{"line":4,"column":31},"end":{"line":4,"column":41}},"loc":{"start":{"line":4,"column":51},"end":{"line":14,"column":5}},"line":4},"1":{"name":"createTicket","decl":{"start":{"line":16,"column":33},"end":{"line":16,"column":45}},"loc":{"start":{"line":16,"column":55},"end":{"line":36,"column":5}},"line":16}},"branchMap":{},"s":{"0":1,"1":1,"2":1,"3":1,"4":1,"5":1,"6":1,"7":1,"8":1,"9":1,"10":1},"f":{"0":1,"1":1},"b":{},"_coverageSchema":"1a1c01bbd47fc00a2c39e90264f33305004495a9","hash":"4c53f426ce51c714e369a117280c00a9c9fb65de"}
,"/home/linda/dbwebb-kurser/jsramverk/jsramverk-tfgsb/backend/models/trains.js": {"path":"/home/linda/dbwebb-kurser/jsramverk/jsramverk-tfgsb/backend/models/trains.js","statementMap":{"0":{"start":{"line":1,"column":14},"end":{"line":1,"column":35}},"1":{"start":{"line":2,"column":20},"end":{"line":2,"column":42}},"2":{"start":{"line":7,"column":18},"end":{"line":10,"column":11}},"3":{"start":{"line":12,"column":27},"end":{"line":12,"column":29}},"4":{"start":{"line":14,"column":21},"end":{"line":20,"column":5}},"5":{"start":{"line":21,"column":19},"end":{"line":21,"column":40}},"6":{"start":{"line":22,"column":19},"end":{"line":22,"column":56}},"7":{"start":{"line":24,"column":24},"end":{"line":24,"column":47}},"8":{"start":{"line":26,"column":4},"end":{"line":28,"column":5}},"9":{"start":{"line":27,"column":8},"end":{"line":27,"column":51}},"10":{"start":{"line":30,"column":4},"end":{"line":33,"column":5}},"11":{"start":{"line":31,"column":8},"end":{"line":31,"column":42}},"12":{"start":{"line":32,"column":8},"end":{"line":32,"column":22}},"13":{"start":{"line":35,"column":4},"end":{"line":72,"column":6}},"14":{"start":{"line":36,"column":8},"end":{"line":36,"column":39}},"15":{"start":{"line":38,"column":8},"end":{"line":71,"column":9}},"16":{"start":{"line":39,"column":12},"end":{"line":68,"column":13}},"17":{"start":{"line":40,"column":16},"end":{"line":40,"column":30}},"18":{"start":{"line":41,"column":35},"end":{"line":41,"column":53}},"19":{"start":{"line":43,"column":16},"end":{"line":65,"column":17}},"20":{"start":{"line":44,"column":44},"end":{"line":44,"column":90}},"21":{"start":{"line":47,"column":40},"end":{"line":47,"column":59}},"22":{"start":{"line":49,"column":37},"end":{"line":49,"column":120}},"23":{"start":{"line":49,"column":95},"end":{"line":49,"column":108}},"24":{"start":{"line":51,"column":40},"end":{"line":58,"column":21}},"25":{"start":{"line":60,"column":20},"end":{"line":62,"column":21}},"26":{"start":{"line":61,"column":24},"end":{"line":61,"column":60}},"27":{"start":{"line":64,"column":20},"end":{"line":64,"column":94}},"28":{"start":{"line":67,"column":16},"end":{"line":67,"column":30}},"29":{"start":{"line":70,"column":12},"end":{"line":70,"column":18}},"30":{"start":{"line":73,"column":4},"end":{"line":73,"column":10}},"31":{"start":{"line":76,"column":0},"end":{"line":76,"column":37}}},"fnMap":{"0":{"name":"fetchTrainPositions","decl":{"start":{"line":4,"column":15},"end":{"line":4,"column":34}},"loc":{"start":{"line":4,"column":39},"end":{"line":74,"column":1}},"line":4},"1":{"name":"(anonymous_1)","decl":{"start":{"line":26,"column":25},"end":{"line":26,"column":26}},"loc":{"start":{"line":26,"column":36},"end":{"line":28,"column":5}},"line":26},"2":{"name":"(anonymous_2)","decl":{"start":{"line":30,"column":26},"end":{"line":30,"column":27}},"loc":{"start":{"line":30,"column":38},"end":{"line":33,"column":5}},"line":30},"3":{"name":"(anonymous_3)","decl":{"start":{"line":35,"column":24},"end":{"line":35,"column":25}},"loc":{"start":{"line":35,"column":36},"end":{"line":72,"column":5}},"line":35},"4":{"name":"(anonymous_4)","decl":{"start":{"line":38,"column":32},"end":{"line":38,"column":33}},"loc":{"start":{"line":38,"column":45},"end":{"line":71,"column":9}},"line":38},"5":{"name":"(anonymous_5)","decl":{"start":{"line":49,"column":92},"end":{"line":49,"column":93}},"loc":{"start":{"line":49,"column":95},"end":{"line":49,"column":108}},"line":49}},"branchMap":{"0":{"loc":{"start":{"line":43,"column":16},"end":{"line":65,"column":17}},"type":"if","locations":[{"start":{"line":43,"column":16},"end":{"line":65,"column":17}},{"start":{},"end":{}}],"line":43},"1":{"loc":{"start":{"line":60,"column":20},"end":{"line":62,"column":21}},"type":"if","locations":[{"start":{"line":60,"column":20},"end":{"line":62,"column":21}},{"start":{},"end":{}}],"line":60}},"s":{"0":1,"1":1,"2":1,"3":1,"4":1,"5":1,"6":1,"7":1,"8":1,"9":0,"10":1,"11":0,"12":0,"13":1,"14":0,"15":0,"16":0,"17":0,"18":0,"19":0,"20":0,"21":0,"22":0,"23":0,"24":0,"25":0,"26":0,"27":0,"28":0,"29":0,"30":1,"31":1},"f":{"0":1,"1":0,"2":0,"3":0,"4":0,"5":0},"b":{"0":[0,0],"1":[0,0]},"_coverageSchema":"1a1c01bbd47fc00a2c39e90264f33305004495a9","hash":"7f2494ce7e670106453298a8e330e8d8b745e6a4"}
}
