TN:
SF:db/database.js
FN:15,openDb
FNF:1
FNH:0
FNDA:0,openDb
DA:1,2
DA:2,2
DA:3,2
DA:12,2
DA:17,0
DA:19,0
DA:20,0
DA:25,0
DA:29,2
LF:9
LH:5
BRDA:19,0,0,0
BRDA:19,0,1,0
BRF:2
BRH:0
end_of_record
TN:
SF:models/codes.js
FN:5,getCodes
FN:23,(anonymous_1)
FN:25,(anonymous_2)
FNF:3
FNH:3
FNDA:1,getCodes
FNDA:1,(anonymous_1)
FNDA:1,(anonymous_2)
DA:1,1
DA:2,1
DA:4,1
DA:6,1
DA:17,1
DA:24,1
DA:26,1
DA:33,1
LF:8
LH:8
BRF:0
BRH:0
end_of_record
TN:
SF:models/delayed.js
FN:4,getDelayedTrains
FN:40,(anonymous_1)
FN:42,(anonymous_2)
FNF:3
FNH:3
FNDA:1,getDelayedTrains
FNDA:1,(anonymous_1)
FNDA:1,(anonymous_2)
DA:1,1
DA:3,1
DA:5,1
DA:34,1
DA:41,1
DA:43,1
DA:50,1
LF:7
LH:7
BRF:0
BRH:0
end_of_record
TN:
SF:models/tickets.js
FN:4,getTickets
FN:15,createTicket
FNF:2
FNH:2
FNDA:1,getTickets
FNDA:1,createTicket
DA:1,1
DA:3,1
DA:5,1
DA:6,1
DA:10,0
DA:16,1
DA:18,1
DA:24,1
DA:27,0
DA:38,1
LF:10
LH:8
BRF:0
BRH:0
end_of_record
TN:
SF:models/trains.js
FN:4,fetchTrainPositions
FN:26,(anonymous_1)
FN:30,(anonymous_2)
FN:35,(anonymous_3)
FN:38,(anonymous_4)
FN:49,(anonymous_5)
FNF:6
FNH:1
FNDA:1,fetchTrainPositions
FNDA:0,(anonymous_1)
FNDA:0,(anonymous_2)
FNDA:0,(anonymous_3)
FNDA:0,(anonymous_4)
FNDA:0,(anonymous_5)
DA:1,1
DA:2,1
DA:7,1
DA:12,1
DA:14,1
DA:21,1
DA:22,1
DA:24,1
DA:26,1
DA:27,0
DA:30,1
DA:31,0
DA:32,0
DA:35,1
DA:36,0
DA:38,0
DA:39,0
DA:40,0
DA:41,0
DA:43,0
DA:44,0
DA:47,0
DA:49,0
DA:51,0
DA:60,0
DA:61,0
DA:64,0
DA:67,0
DA:70,0
DA:76,1
LF:30
LH:12
BRDA:43,0,0,0
BRDA:43,0,1,0
BRDA:60,1,0,0
BRDA:60,1,1,0
BRF:4
BRH:0
end_of_record
